[    0.000000] Linux version 4.15.0-99-generic (buildd@lcy01-amd64-013) (gcc version 7.5.0 (Ubuntu 7.5.0-3ubuntu1~18.04)) #100-Ubuntu SMP Wed Apr 22 20:32:56 UTC 2020 (Ubuntu 4.15.0-99.100-generic 4.15.18)
[    0.000000] Command line: BOOT_IMAGE=/boot/vmlinuz-4.15.0-99-generic root=UUID=8afed82c-18b4-4e0d-93a4-40b70ced57a3 ro console=tty1 console=ttyS0
[    0.000000] KERNEL supported cpus:
[    0.000000]   Intel GenuineIntel
[    0.000000]   AMD AuthenticAMD
[    0.000000]   Centaur CentaurHauls
[    0.000000] x86/fpu: Supporting XSAVE feature 0x001: 'x87 floating point registers'
[    0.000000] x86/fpu: Supporting XSAVE feature 0x002: 'SSE registers'
[    0.000000] x86/fpu: Supporting XSAVE feature 0x004: 'AVX registers'
[    0.000000] x86/fpu: xstate_offset[2]:  576, xstate_sizes[2]:  256
[    0.000000] x86/fpu: Enabled xstate features 0x7, context size is 832 bytes, using 'standard' format.
[    0.000000] e820: BIOS-provided physical RAM map:
[    0.000000] BIOS-e820: [mem 0x0000000000000000-0x000000000009fbff] usable
[    0.000000] BIOS-e820: [mem 0x000000000009fc00-0x000000000009ffff] reserved
[    0.000000] BIOS-e820: [mem 0x00000000000f0000-0x00000000000fffff] reserved
[    0.000000] BIOS-e820: [mem 0x0000000000100000-0x000000003ffeffff] usable
[    0.000000] BIOS-e820: [mem 0x000000003fff0000-0x000000003fffffff] ACPI data
[    0.000000] BIOS-e820: [mem 0x00000000fec00000-0x00000000fec00fff] reserved
[    0.000000] BIOS-e820: [mem 0x00000000fee00000-0x00000000fee00fff] reserved
[    0.000000] BIOS-e820: [mem 0x00000000fffc0000-0x00000000ffffffff] reserved
[    0.000000] NX (Execute Disable) protection: active
[    0.000000] SMBIOS 2.5 present.
[    0.000000] DMI: innotek GmbH VirtualBox/VirtualBox, BIOS VirtualBox 12/01/2006
[    0.000000] Hypervisor detected: KVM
[    0.000000] e820: last_pfn = 0x3fff0 max_arch_pfn = 0x400000000
[    0.000000] MTRR: Disabled
[    0.000000] x86/PAT: MTRRs disabled, skipping PAT initialization too.
[    0.000000] CPU MTRRs all blank - virtualized system.
[    0.000000] x86/PAT: Configuration [0-7]: WB  WT  UC- UC  WB  WT  UC- UC  
[    0.000000] found SMP MP-table at [mem 0x0009fff0-0x0009ffff]
[    0.000000] Scanning 1 areas for low memory corruption
[    0.000000] RAMDISK: [mem 0x35963000-0x36ca8fff]
[    0.000000] ACPI: Early table checksum verification disabled
[    0.000000] ACPI: RSDP 0x00000000000E0000 000024 (v02 VBOX  )
[    0.000000] ACPI: XSDT 0x000000003FFF0030 00003C (v01 VBOX   VBOXXSDT 00000001 ASL  00000061)
[    0.000000] ACPI: FACP 0x000000003FFF00F0 0000F4 (v04 VBOX   VBOXFACP 00000001 ASL  00000061)
[    0.000000] ACPI: DSDT 0x000000003FFF0470 002325 (v02 VBOX   VBOXBIOS 00000002 INTL 20100528)
[    0.000000] ACPI: FACS 0x000000003FFF0200 000040
[    0.000000] ACPI: FACS 0x000000003FFF0200 000040
[    0.000000] ACPI: APIC 0x000000003FFF0240 00005C (v02 VBOX   VBOXAPIC 00000001 ASL  00000061)
[    0.000000] ACPI: SSDT 0x000000003FFF02A0 0001CC (v01 VBOX   VBOXCPUT 00000002 INTL 20100528)
[    0.000000] No NUMA configuration found
[    0.000000] Faking a node at [mem 0x0000000000000000-0x000000003ffeffff]
[    0.000000] NODE_DATA(0) allocated [mem 0x3ffc5000-0x3ffeffff]
[    0.000000] kvm-clock: cpu 0, msr 0:3ff44001, primary cpu clock
[    0.000000] kvm-clock: Using msrs 4b564d01 and 4b564d00
[    0.000000] kvm-clock: using sched offset of 3561751673 cycles
[    0.000000] clocksource: kvm-clock: mask: 0xffffffffffffffff max_cycles: 0x1cd42e4dffb, max_idle_ns: 881590591483 ns
[    0.000000] Zone ranges:
[    0.000000]   DMA      [mem 0x0000000000001000-0x0000000000ffffff]
[    0.000000]   DMA32    [mem 0x0000000001000000-0x000000003ffeffff]
[    0.000000]   Normal   empty
[    0.000000]   Device   empty
[    0.000000] Movable zone start for each node
[    0.000000] Early memory node ranges
[    0.000000]   node   0: [mem 0x0000000000001000-0x000000000009efff]
[    0.000000]   node   0: [mem 0x0000000000100000-0x000000003ffeffff]
[    0.000000] Reserved but unavailable: 98 pages
[    0.000000] Initmem setup node 0 [mem 0x0000000000001000-0x000000003ffeffff]
[    0.000000] ACPI: PM-Timer IO Port: 0x4008
[    0.000000] IOAPIC[0]: apic_id 2, version 32, address 0xfec00000, GSI 0-23
[    0.000000] ACPI: INT_SRC_OVR (bus 0 bus_irq 0 global_irq 2 dfl dfl)
[    0.000000] ACPI: INT_SRC_OVR (bus 0 bus_irq 9 global_irq 9 low level)
[    0.000000] Using ACPI (MADT) for SMP configuration information
[    0.000000] smpboot: Allowing 2 CPUs, 0 hotplug CPUs
[    0.000000] PM: Registered nosave memory: [mem 0x00000000-0x00000fff]
[    0.000000] PM: Registered nosave memory: [mem 0x0009f000-0x0009ffff]
[    0.000000] PM: Registered nosave memory: [mem 0x000a0000-0x000effff]
[    0.000000] PM: Registered nosave memory: [mem 0x000f0000-0x000fffff]
[    0.000000] e820: [mem 0x40000000-0xfebfffff] available for PCI devices
[    0.000000] Booting paravirtualized kernel on KVM
[    0.000000] clocksource: refined-jiffies: mask: 0xffffffff max_cycles: 0xffffffff, max_idle_ns: 7645519600211568 ns
[    0.000000] random: get_random_bytes called from start_kernel+0x99/0x4fd with crng_init=0
[    0.000000] setup_percpu: NR_CPUS:8192 nr_cpumask_bits:2 nr_cpu_ids:2 nr_node_ids:1
[    0.000000] percpu: Embedded 45 pages/cpu s147456 r8192 d28672 u1048576
[    0.000000] PV qspinlock hash table entries: 256 (order: 0, 4096 bytes)
[    0.000000] Built 1 zonelists, mobility grouping on.  Total pages: 257913
[    0.000000] Policy zone: DMA32
[    0.000000] Kernel command line: BOOT_IMAGE=/boot/vmlinuz-4.15.0-99-generic root=UUID=8afed82c-18b4-4e0d-93a4-40b70ced57a3 ro console=tty1 console=ttyS0
[    0.000000] Memory: 982532K/1048120K available (12300K kernel code, 2481K rwdata, 4268K rodata, 2432K init, 2712K bss, 65588K reserved, 0K cma-reserved)
[    0.000000] SLUB: HWalign=64, Order=0-3, MinObjects=0, CPUs=2, Nodes=1
[    0.000000] Kernel/User page tables isolation: enabled
[    0.000000] ftrace: allocating 39364 entries in 154 pages
[    0.004000] Hierarchical RCU implementation.
[    0.004000] 	RCU restricting CPUs from NR_CPUS=8192 to nr_cpu_ids=2.
[    0.004000] 	Tasks RCU enabled.
[    0.004000] RCU: Adjusting geometry for rcu_fanout_leaf=16, nr_cpu_ids=2
[    0.004000] NR_IRQS: 524544, nr_irqs: 440, preallocated irqs: 16
[    0.004000] Console: colour VGA+ 80x25
[    0.004000] console [tty1] enabled
[    0.004000] console [ttyS0] enabled
[    0.004000] ACPI: Core revision 20170831
[    0.004000] ACPI: 2 ACPI AML tables successfully acquired and loaded
[    0.004000] APIC: Switch to symmetric I/O mode setup
[    0.004000] x2apic enabled
[    0.004000] Switched APIC routing to physical x2apic.
[    0.004000] ..TIMER: vector=0x30 apic1=0 pin1=2 apic2=-1 pin2=-1
[    0.004003] tsc: Detected 2592.000 MHz processor
[    0.004803] Calibrating delay loop (skipped) preset value.. 5184.00 BogoMIPS (lpj=10368000)
[    0.005278] pid_max: default: 32768 minimum: 301
[    0.008020] Security Framework initialized
[    0.008661] Yama: becoming mindful.
[    0.009267] AppArmor: AppArmor initialized
[    0.010671] Dentry cache hash table entries: 131072 (order: 8, 1048576 bytes)
[    0.011742] Inode-cache hash table entries: 65536 (order: 7, 524288 bytes)
[    0.012007] Mount-cache hash table entries: 2048 (order: 2, 16384 bytes)
[    0.013019] Mountpoint-cache hash table entries: 2048 (order: 2, 16384 bytes)
[    0.014710] Last level iTLB entries: 4KB 64, 2MB 8, 4MB 8
[    0.016001] Last level dTLB entries: 4KB 64, 2MB 0, 4MB 0, 1GB 4
[    0.016883] Spectre V1 : Mitigation: usercopy/swapgs barriers and __user pointer sanitization
[    0.018211] Spectre V2 : Mitigation: Full generic retpoline
[    0.019030] Spectre V2 : Spectre v2 / SpectreRSB mitigation: Filling RSB on context switch
[    0.020001] Speculative Store Bypass: Vulnerable
[    0.020709] MDS: Mitigation: Clear CPU buffers
[    0.021492] Freeing SMP alternatives memory: 36K
[    0.132050] smpboot: CPU0: Intel(R) Core(TM) i7-9750H CPU @ 2.60GHz (family: 0x6, model: 0x9e, stepping: 0xa)
[    0.134250] Performance Events: unsupported p6 CPU model 158 no PMU driver, software events only.
[    0.136020] Hierarchical SRCU implementation.
[    0.137461] NMI watchdog: Perf event create on CPU 0 failed with -2
[    0.138653] NMI watchdog: Perf NMI watchdog permanently disabled
[    0.139608] smp: Bringing up secondary CPUs ...
[    0.140052] x86: Booting SMP configuration:
[    0.140726] .... node  #0, CPUs:      #1
[    0.004000] kvm-clock: cpu 1, msr 0:3ff44041, secondary cpu clock
[    0.144011] smp: Brought up 1 node, 2 CPUs
[    0.144647] smpboot: Max logical packages: 1
[    0.145293] smpboot: Total of 2 processors activated (10368.00 BogoMIPS)
[    0.146329] devtmpfs: initialized
[    0.148035] x86/mm: Memory block size: 128MB
[    0.149090] evm: security.selinux
[    0.149614] evm: security.SMACK64
[    0.150133] evm: security.SMACK64EXEC
[    0.150698] evm: security.SMACK64TRANSMUTE
[    0.151321] evm: security.SMACK64MMAP
[    0.152001] evm: security.apparmor
[    0.152537] evm: security.ima
[    0.153362] evm: security.capability
[    0.154476] clocksource: jiffies: mask: 0xffffffff max_cycles: 0xffffffff, max_idle_ns: 7645041785100000 ns
[    0.156005] futex hash table entries: 512 (order: 3, 32768 bytes)
[    0.157728] pinctrl core: initialized pinctrl subsystem
[    0.158606] RTC time: 18:50:00, date: 05/02/20
[    0.160048] NET: Registered protocol family 16
[    0.160797] audit: initializing netlink subsys (disabled)
[    0.161723] audit: type=2000 audit(1588445405.920:1): state=initialized audit_enabled=0 res=1
[    0.161723] cpuidle: using governor ladder
[    0.161723] cpuidle: using governor menu
[    0.164023] ACPI: bus type PCI registered
[    0.164753] acpiphp: ACPI Hot Plug PCI Controller Driver version: 0.5
[    0.165857] PCI: Using configuration type 1 for base access
[    0.166717] HugeTLB registered 2.00 MiB page size, pre-allocated 0 pages
[    0.168078] ACPI: Added _OSI(Module Device)
[    0.168754] ACPI: Added _OSI(Processor Device)
[    0.169425] ACPI: Added _OSI(3.0 _SCP Extensions)
[    0.170133] ACPI: Added _OSI(Processor Aggregator Device)
[    0.170934] ACPI: Added _OSI(Linux-Dell-Video)
[    0.172002] ACPI: Added _OSI(Linux-Lenovo-NV-HDMI-Audio)
[    0.173283] ACPI: Added _OSI(Linux-HPI-Hybrid-Graphics)
[    0.174368] ACPI: Executed 1 blocks of module-level executable AML code
[    0.178149] ACPI: Interpreter enabled
[    0.178727] ACPI: (supports S0 S5)
[    0.179254] ACPI: Using IOAPIC for interrupt routing
[    0.180146] PCI: Using host bridge windows from ACPI; if necessary, use "pci=nocrs" and report a bug
[    0.182024] ACPI: Enabled 2 GPEs in block 00 to 07
[    0.188813] ACPI: PCI Root Bridge [PCI0] (domain 0000 [bus 00-ff])
[    0.190185] acpi PNP0A03:00: _OSC: OS supports [ASPM ClockPM Segments MSI]
[    0.191500] acpi PNP0A03:00: _OSC: not requesting OS control; OS requires [ExtendedConfig ASPM ClockPM MSI]
[    0.192007] acpi PNP0A03:00: fail to add MMCONFIG information, can't access extended PCI configuration space under this bridge.
[    0.194045] PCI host bridge to bus 0000:00
[    0.194671] pci_bus 0000:00: root bus resource [io  0x0000-0x0cf7 window]
[    0.196002] pci_bus 0000:00: root bus resource [io  0x0d00-0xffff window]
[    0.197076] pci_bus 0000:00: root bus resource [mem 0x000a0000-0x000bffff window]
[    0.198192] pci_bus 0000:00: root bus resource [mem 0x40000000-0xfdffffff window]
[    0.199306] pci_bus 0000:00: root bus resource [bus 00-ff]
[    0.201961] pci 0000:00:01.1: legacy IDE quirk: reg 0x10: [io  0x01f0-0x01f7]
[    0.203004] pci 0000:00:01.1: legacy IDE quirk: reg 0x14: [io  0x03f6]
[    0.204002] pci 0000:00:01.1: legacy IDE quirk: reg 0x18: [io  0x0170-0x0177]
[    0.205562] pci 0000:00:01.1: legacy IDE quirk: reg 0x1c: [io  0x0376]
[    0.216532] pci 0000:00:07.0: quirk: [io  0x4000-0x403f] claimed by PIIX4 ACPI
[    0.218240] pci 0000:00:07.0: quirk: [io  0x4100-0x410f] claimed by PIIX4 SMB
[    0.225026] ACPI: PCI Interrupt Link [LNKA] (IRQs 5 9 10 *11)
[    0.226673] ACPI: PCI Interrupt Link [LNKB] (IRQs 5 9 *10 11)
[    0.228061] ACPI: PCI Interrupt Link [LNKC] (IRQs 5 *9 10 11)
[    0.229032] ACPI: PCI Interrupt Link [LNKD] (IRQs 5 9 10 *11)
[    0.230111] SCSI subsystem initialized
[    0.230743] pci 0000:00:02.0: vgaarb: setting as boot VGA device
[    0.230743] pci 0000:00:02.0: vgaarb: VGA device added: decodes=io+mem,owns=io+mem,locks=none
[    0.232005] pci 0000:00:02.0: vgaarb: bridge control possible
[    0.232916] vgaarb: loaded
[    0.233368] ACPI: bus type USB registered
[    0.234001] usbcore: registered new interface driver usbfs
[    0.234825] usbcore: registered new interface driver hub
[    0.236016] usbcore: registered new device driver usb
[    0.237015] EDAC MC: Ver: 3.0.0
[    0.237015] PCI: Using ACPI for IRQ routing
[    0.237256] NetLabel: Initializing
[    0.240005] NetLabel:  domain hash size = 128
[    0.240900] NetLabel:  protocols = UNLABELED CIPSOv4 CALIPSO
[    0.241792] NetLabel:  unlabeled traffic allowed by default
[    0.242671] clocksource: Switched to clocksource kvm-clock
[    0.248989] VFS: Disk quotas dquot_6.6.0
[    0.250034] VFS: Dquot-cache hash table entries: 512 (order 0, 4096 bytes)
[    0.251116] AppArmor: AppArmor Filesystem Enabled
[    0.252428] pnp: PnP ACPI init
[    0.254020] pnp: PnP ACPI: found 3 devices
[    0.263278] clocksource: acpi_pm: mask: 0xffffff max_cycles: 0xffffff, max_idle_ns: 2085701024 ns
[    0.264793] NET: Registered protocol family 2
[    0.265564] TCP established hash table entries: 8192 (order: 4, 65536 bytes)
[    0.266677] TCP bind hash table entries: 8192 (order: 5, 131072 bytes)
[    0.268506] TCP: Hash tables configured (established 8192 bind 8192)
[    0.269477] UDP hash table entries: 512 (order: 2, 16384 bytes)
[    0.270373] UDP-Lite hash table entries: 512 (order: 2, 16384 bytes)
[    0.271343] NET: Registered protocol family 1
[    0.272028] pci 0000:00:00.0: Limiting direct PCI/PCI transfers
[    0.272966] pci 0000:00:01.0: Activating ISA DMA hang workarounds
[    0.273931] pci 0000:00:02.0: Video device with shadowed ROM at [mem 0x000c0000-0x000dffff]
[    0.275283] Unpacking initramfs...
[    0.493307] Freeing initrd memory: 19736K
[    0.494491] clocksource: tsc: mask: 0xffffffffffffffff max_cycles: 0x255cb6cc5db, max_idle_ns: 440795203504 ns
[    0.496724] platform rtc_cmos: registered platform RTC device (no PNP device found)
[    0.498048] Scanning for low memory corruption every 60 seconds
[    0.499448] Initialise system trusted keyrings
[    0.500167] Key type blacklist registered
[    0.500896] workingset: timestamp_bits=36 max_order=18 bucket_order=0
[    0.502557] zbud: loaded
[    0.503288] squashfs: version 4.0 (2009/01/31) Phillip Lougher
[    0.504280] fuse init (API version 7.26)
[    0.506332] Key type asymmetric registered
[    0.506979] Asymmetric key parser 'x509' registered
[    0.507739] Block layer SCSI generic (bsg) driver version 0.4 loaded (major 246)
[    0.508950] io scheduler noop registered
[    0.509584] io scheduler deadline registered
[    0.510244] io scheduler cfq registered (default)
[    0.511357] ACPI: AC Adapter [AC] (off-line)
[    0.512159] input: Power Button as /devices/LNXSYSTM:00/LNXPWRBN:00/input/input0
[    0.513316] ACPI: Power Button [PWRF]
[    0.514323] input: Sleep Button as /devices/LNXSYSTM:00/LNXSLPBN:00/input/input1
[    0.515435] ACPI: Sleep Button [SLPF]
[    0.517042] ACPI: Battery Slot [BAT0] (battery present)
[    0.518157] Serial: 8250/16550 driver, 32 ports, IRQ sharing enabled
[    0.540135] 00:02: ttyS0 at I/O 0x3f8 (irq = 4, base_baud = 115200) is a 16550A
[    0.543332] Linux agpgart interface v0.103
[    0.546024] loop: module loaded
[    0.547032] scsi host0: ata_piix
[    0.547638] scsi host1: ata_piix
[    0.548197] ata1: PATA max UDMA/33 cmd 0x1f0 ctl 0x3f6 bmdma 0xd000 irq 14
[    0.549234] ata2: PATA max UDMA/33 cmd 0x170 ctl 0x376 bmdma 0xd008 irq 15
[    0.550526] libphy: Fixed MDIO Bus: probed
[    0.551184] tun: Universal TUN/TAP device driver, 1.6
[    0.552032] PPP generic driver version 2.4.2
[    0.553066] ehci_hcd: USB 2.0 'Enhanced' Host Controller (EHCI) Driver
[    0.554074] ehci-pci: EHCI PCI platform driver
[    0.554781] ehci-platform: EHCI generic platform driver
[    0.555593] ohci_hcd: USB 1.1 'Open' Host Controller (OHCI) Driver
[    0.556576] ohci-pci: OHCI PCI platform driver
[    0.557284] ohci-platform: OHCI generic platform driver
[    0.558095] uhci_hcd: USB Universal Host Controller Interface driver
[    0.559090] i8042: PNP: PS/2 Controller [PNP0303:PS2K,PNP0f03:PS2M] at 0x60,0x64 irq 1,12
[    0.560826] serio: i8042 KBD port at 0x60,0x64 irq 1
[    0.562118] serio: i8042 AUX port at 0x60,0x64 irq 12
[    0.563127] mousedev: PS/2 mouse device common for all mice
[    0.564939] input: AT Translated Set 2 keyboard as /devices/platform/i8042/serio0/input/input2
[    0.566272] rtc_cmos rtc_cmos: rtc core: registered rtc_cmos as rtc0
[    0.567364] rtc_cmos rtc_cmos: alarms up to one day, 114 bytes nvram
[    0.568365] i2c /dev entries driver
[    0.568950] device-mapper: uevent: version 1.0.3
[    0.569728] device-mapper: ioctl: 4.37.0-ioctl (2017-09-20) initialised: dm-devel@redhat.com
[    0.571047] ledtrig-cpu: registered to indicate activity on CPUs
[    0.572343] NET: Registered protocol family 10
[    0.576024] Segment Routing with IPv6
[    0.576660] NET: Registered protocol family 17
[    0.577389] Key type dns_resolver registered
[    0.578284] mce: Using 0 MCE banks
[    0.578852] RAS: Correctable Errors collector initialized.
[    0.579706] sched_clock: Marking stable (578266253, 0)->(703204279, -124938026)
[    0.581267] registered taskstats version 1
[    0.581910] Loading compiled-in X.509 certificates
[    0.584459] Loaded X.509 cert 'Build time autogenerated kernel key: 7480108fe56bba9284001dfb9078560125be4684'
[    0.585923] zswap: loaded using pool lzo/zbud
[    0.589212] Key type big_key registered
[    0.589835] Key type trusted registered
[    0.592324] Key type encrypted registered
[    0.593592] AppArmor: AppArmor sha1 policy hashing enabled
[    0.594573] ima: No TPM chip found, activating TPM-bypass! (rc=-19)
[    0.595526] ima: Allocated hash algorithm: sha1
[    0.596356] evm: HMAC attrs: 0x1
[    0.597549]   Magic number: 4:839:846
[    0.598210] rtc_cmos rtc_cmos: setting system clock to 2020-05-02 18:50:01 UTC (1588445401)
[    0.599617] BIOS EDD facility v0.16 2004-Jun-25, 0 devices found
[    0.600673] EDD information not available.
[    0.778154] Freeing unused kernel image memory: 2432K
[    1.140404] Write protecting the kernel read-only data: 20480k
[    1.143873] Freeing unused kernel image memory: 2008K
[    1.145953] Freeing unused kernel image memory: 1876K
[    1.154121] x86/mm: Checked W+X mappings: passed, no W+X pages found.
[    1.156093] x86/mm: Checking user space page tables
[    1.163322] x86/mm: Checked W+X mappings: passed, no W+X pages found.
Loading, please wait...
starting version 237
[    1.213017] e1000: Intel(R) PRO/1000 Network Driver - version 7.3.21-k8-NAPI
[    1.214989] e1000: Copyright (c) 1999-2006 Intel Corporation.
[    1.217180] Fusion MPT base driver 3.04.20
[    1.217913] Copyright (c) 1999-2008 LSI Corporation
[    1.223388] Fusion MPT SPI Host driver 3.04.20
[    1.233322] AVX2 version of gcm_enc/dec engaged.
[    1.234548] AES CTR mode by8 optimization enabled
[    1.426505] input: ImExPS/2 Generic Explorer Mouse as /devices/platform/i8042/serio1/input/input4
[    1.598562] e1000 0000:00:03.0 eth0: (PCI:33MHz:32-bit) 02:a1:1e:44:dc:c7
[    1.600323] e1000 0000:00:03.0 eth0: Intel(R) PRO/1000 Network Connection
[    1.602374] mptbase: ioc0: Initiating bringup
[    3.304277] ioc0: LSI53C1030 A0: Capabilities={Initiator}
[    6.494247] scsi host2: ioc0: LSI53C1030 A0, FwRev=00000000h, Ports=1, MaxQ=256, IRQ=20
[    8.455828] scsi 2:0:0:0: Direct-Access     VBOX     HARDDISK         1.0  PQ: 0 ANSI: 5
[    8.553180] scsi target2:0:0: Beginning Domain Validation
[    8.604193] scsi target2:0:0: Domain Validation skipping write tests
[    8.605983] scsi target2:0:0: Ending Domain Validation
[    8.619474] scsi target2:0:0: asynchronous
[    8.624534] scsi 2:0:1:0: Direct-Access     VBOX     HARDDISK         1.0  PQ: 0 ANSI: 5
[    8.848432] scsi target2:0:1: Beginning Domain Validation
[    8.853018] random: fast init done
[    8.853828] scsi target2:0:1: Domain Validation skipping write tests
[    8.854925] scsi target2:0:1: Ending Domain Validation
[    8.855849] scsi target2:0:1: asynchronous
[    8.859421] random: systemd-udevd: uninitialized urandom read (16 bytes read)
[    8.860875] random: systemd-udevd: uninitialized urandom read (16 bytes read)
[    8.861971] random: systemd-udevd: uninitialized urandom read (16 bytes read)
[    8.863162] sd 2:0:0:0: Attached scsi generic sg0 type 0
[    8.863304] sd 2:0:0:0: [sda] 20971520 512-byte logical blocks: (10.7 GB/10.0 GiB)
[    8.864375] sd 2:0:1:0: Attached scsi generic sg1 type 0
[    8.865319] sd 2:0:0:0: [sda] Write Protect is off
[    8.867131] sd 2:0:0:0: [sda] Incomplete mode parameter data
[    8.867138] sd 2:0:1:0: [sdb] 20480 512-byte logical blocks: (10.5 MB/10.0 MiB)
[    8.868012] sd 2:0:0:0: [sda] Assuming drive cache: write through
[    8.870485] sd 2:0:1:0: [sdb] Write Protect is off
[    8.871846]  sda: sda1
[    8.871848] sd 2:0:1:0: [sdb] Incomplete mode parameter data
[    8.873560] sd 2:0:1:0: [sdb] Assuming drive cache: write through
[    8.876580] sd 2:0:1:0: [sdb] Attached SCSI disk
[    8.877865] sd 2:0:0:0: [sda] Attached SCSI disk
[    8.886352] e1000 0000:00:08.0 eth1: (PCI:33MHz:32-bit) 08:00:27:2a:c0:29
[    8.887748] e1000 0000:00:08.0 eth1: Intel(R) PRO/1000 Network Connection
[    8.890205] e1000 0000:00:03.0 enp0s3: renamed from eth0
[    8.905656] e1000 0000:00:08.0 enp0s8: renamed from eth1
Begin: Loading essential drivers ... [   10.236193] raid6: sse2x1   gen() 14816 MB/s
[   10.284406] raid6: sse2x1   xor() 10809 MB/s
[   10.332125] raid6: sse2x2   gen() 17976 MB/s
[   10.384099] raid6: sse2x2   xor() 11920 MB/s
[   10.434294] raid6: sse2x4   gen() 21605 MB/s
[   10.480780] raid6: sse2x4   xor() 11694 MB/s
[   10.531191] raid6: avx2x1   gen() 29511 MB/s
[   10.581127] raid6: avx2x1   xor() 20197 MB/s
[   10.628179] raid6: avx2x2   gen() 32669 MB/s
[   10.676233] raid6: avx2x2   xor() 22360 MB/s
[   10.726532] raid6: avx2x4   gen() 42344 MB/s
[   10.772017] raid6: avx2x4   xor() 22506 MB/s
[   10.773074] raid6: using algorithm avx2x4 gen() 42344 MB/s
[   10.773879] raid6: .... xor() 22506 MB/s, rmw enabled
[   10.774660] raid6: using avx2x2 recovery algorithm
[   10.776223] xor: automatically using best checksumming function   avx       
[   10.778002] async_tx: api initialized (async)
done.
Begin: Running /scripts/init-premount ... done.
Begin: Mounting root file system ... Begin: Running /scripts/local-top ... done.
Begin: Running /scripts/local-premount ... [   10.805644] Btrfs loaded, crc32c=crc32c-intel
Scanning for Btrfs filesystems
done.
Warning: fsck not present, so skipping root file system
[   10.826434] EXT4-fs (sda1): mounted filesystem with ordered data mode. Opts: (null)
done.
Begin: Running /scripts/local-bottom ... done.
Begin: Running /scripts/init-bottom ... done.
[   10.981824] ip_tables: (C) 2000-2006 Netfilter Core Team
[   10.989395] systemd[1]: systemd 237 running in system mode. (+PAM +AUDIT +SELINUX +IMA +APPARMOR +SMACK +SYSVINIT +UTMP +LIBCRYPTSETUP +GCRYPT +GNUTLS +ACL +XZ +LZ4 +SECCOMP +BLKID +ELFUTILS +KMOD -IDN2 +IDN -PCRE2 default-hierarchy=hybrid)
[   10.992720] systemd[1]: Detected virtualization oracle.
[   10.993562] systemd[1]: Detected architecture x86-64.

Welcome to [1mUbuntu 18.04.4 LTS[0m!

[   10.998888] systemd[1]: Set hostname to <ubuntu-bionic>.
[   11.242294] systemd[1]: Created slice User and Session Slice.
[[0;32m  OK  [0m] Created slice User and Session Slice.
[   11.244052] systemd[1]: Reached target System Time Synchronized.
[[0;32m  OK  [0m] Reached target System Time Synchronized.
[   11.245836] systemd[1]: Started Forward Password Requests to Wall Directory Watch.
[[0;32m  OK  [0m] Started Forward Password Requests to Wall Directory Watch.
[   11.248225] systemd[1]: Created slice System Slice.
[[0;32m  OK  [0m] Created slice System Slice.
[   11.249688] systemd[1]: Listening on LVM2 poll daemon socket.
[[0;32m  OK  [0m] Listening on LVM2 poll daemon socket.
[   11.251363] systemd[1]: Listening on /dev/initctl Compatibility Named Pipe.
[[0;32m  OK  [0m] Listening on /dev/initctl Compatibility Named Pipe.
[[0;32m  OK  [0m] Listening on udev Control Socket.
[[0;32m  OK  [0m] Created slice system-serial\x2dgetty.slice.
[[0;32m  OK  [0m] Reached target Slices.
[[0;32m  OK  [0m] Listening on Device-mapper event daemon FIFOs.
[[0;32m  OK  [0m] Listening on Journal Audit Socket.
[[0;32m  OK  [0m] Listening on Network Service Netlink Socket.
[[0;32m  OK  [0m] Listening on Journal Socket (/dev/log).
[[0;32m  OK  [0m] Listening on Syslog Socket.
[[0;32m  OK  [0m] Reached target User and Group Name Lookups.
[[0;32m  OK  [0m] Listening on LVM2 metadata daemon socket.
[[0;32m  OK  [0m] Set up automount Arbitrary Executab…rmats File System Automount Point.
[[0;32m  OK  [0m] Listening on udev Kernel Socket.
[[0;32m  OK  [0m] Listening on Journal Socket.
         Starting udev Coldplug all Devices...
         Mounting POSIX Message Queue File System...
         Starting Create list of required st…ce nodes for the current kernel...
         Starting Load Kernel Modules...
         Starting Monitoring of LVM2 mirrors…ng dmeventd or progress polling...
[   11.441304] Loading iSCSI transport class v2.0-870.
         Mounting Kernel Debug File System...
         Starting Uncomplicated firewall...
[   11.477346] iscsi: registered transport (tcp)
         Starting Journal Service...
         Mounting Huge Pages File System...
[   11.494844] iscsi: registered transport (iser)
         Starting Set the console keyboard layout...
         Starting Remount Root and Kernel File Systems...
[[0;32m  OK  [0m] Reached target Swap.
[[0;32m  OK  [0m] Started Journal Service.
[[0;32m  OK  [0m] Mounted POSIX Message Queue File System.
[[0;32m  OK  [0m] Started Create list of required sta…vice nodes for the current kernel.
[[0;32m  OK  [0m] Started Load Kernel Modules.
[[0;32m  OK  [0m] Mounted Kernel Debug File System.
[[0;32m  OK  [0m] Mounted Huge Pages File System.
[[0;32m  OK  [0m] Started LVM2 metadata daemon.
         Starting Apply Kernel Variables...
         Mounting Kernel Configuration File System...
         Mounting FUSE Control File System...
         Starting Create Static Device Nodes in /dev...
[[0;32m  OK  [0m] Mounted Kernel Configuration File System.
[[0;32m  OK  [0m] Mounted FUSE Control File System.
[[0;32m  OK  [0m] Started udev Coldplug all Devices.
[[0;32m  OK  [0m] Started Create Static Device Nodes in /dev.
[[0;32m  OK  [0m] Started Remount Root and Kernel File Systems.
         Starting udev Kernel Device Manager...
         Starting Load/Save Random Seed...
         Starting Flush Journal to Persistent Storage...
[[0;32m  OK  [0m] Started Apply Kernel Variables.
[[0;32m  OK  [0m] Started Monitoring of LVM2 mirrors,…sing dmeventd or progress polling.
[[0;32m  OK  [0m] Started Load/Save Random Seed.
[[0;32m  OK  [0m] Started udev Kernel Device Manager.
[[0;32m  OK  [0m] Started Set the console keyboard layout.
[[0;32m  OK  [0m] Started Dispatch Password Requests to Console Directory Watch.
[[0;32m  OK  [0m] Reached target Local Encrypted Volumes.
[[0;32m  OK  [0m] Reached target Local File Systems (Pre).
[[0;32m  OK  [0m] Reached target Local File Systems.
         Starting Set console font and keymap...
         Starting AppArmor initialization...
         Starting Tell Plymouth To Write Out Runtime Data...
         Starting ebtables ruleset management...
[[0;32m  OK  [0m] Started Flush Journal to Persistent Storage.
         Starting Create Volatile Files and Directories...
[[0;32m  OK  [0m] Started Set console font and keymap.
[[0;32m  OK  [0m] Started Tell Plymouth To Write Out Runtime Data.
[[0;32m  OK  [0m] Started Create Volatile Files and Directories.
         Starting Update UTMP about System Boot/Shutdown...
[[0;32m  OK  [0m] Started Update UTMP about System Boot/Shutdown.
[[0;32m  OK  [0m] Started ebtables ruleset management.
[[0;32m  OK  [0m] Found device /dev/ttyS0.
[[0;32m  OK  [0m] Listening on Load/Save RF Kill Switch Status /dev/rfkill Watch.
[[0;32m  OK  [0m] Started AppArmor initialization.
         Starting Initial cloud-init job (pre-networking)...
[[0;32m  OK  [0m] Started Uncomplicated firewall.
[   12.988078] cloud-init[572]: Cloud-init v. 19.4-33-gbb4131a2-0ubuntu1~18.04.1 running 'init-local' at Sat, 02 May 2020 18:50:13 +0000. Up 12.79 seconds.
[[0;32m  OK  [0m] Started Initial cloud-init job (pre-networking).
[[0;32m  OK  [0m] Reached target Network (Pre).
         Starting Network Service...
[[0;32m  OK  [0m] Started Network Service.
         Starting Network Name Resolution...
         Starting Wait for Network to be Configured...
[[0;32m  OK  [0m] Started Network Name Resolution.
[[0;32m  OK  [0m] Reached target Network.
[[0;32m  OK  [0m] Reached target Host and Network Name Lookups.
[[0;32m  OK  [0m] Started Wait for Network to be Configured.
         Starting Initial cloud-init job (metadata service crawler)...
[   15.472054] cloud-init[751]: Cloud-init v. 19.4-33-gbb4131a2-0ubuntu1~18.04.1 running 'init' at Sat, 02 May 2020 18:50:16 +0000. Up 15.37 seconds.
[   15.473550] cloud-init[751]: ci-info: ++++++++++++++++++++++++++++++++++++++Net device info+++++++++++++++++++++++++++++++++++++++
[   15.474691] cloud-init[751]: ci-info: +--------+------+-----------------------------+---------------+--------+-------------------+
[   15.476732] cloud-init[751]: ci-info: | Device |  Up  |           Address           |      Mask     | Scope  |     Hw-Address    |
[   15.478550] cloud-init[751]: ci-info: +--------+------+-----------------------------+---------------+--------+-------------------+
[   15.480096] cloud-init[751]: ci-info: | enp0s3 | True |          10.0.2.15          | 255.255.255.0 | global | 02:a1:1e:44:dc:c7 |
[   15.481873] cloud-init[751]: ci-info: | enp0s3 | True |  fe80::a1:1eff:fe44:dcc7/64 |       .       |  link  | 02:a1:1e:44:dc:c7 |
[   15.483409] cloud-init[751]: ci-info: | enp0s8 | True |         10.41.100.30        | 255.255.255.0 | global | 08:00:27:2a:c0:29 |
[   15.484990] cloud-init[751]: ci-info: | enp0s8 | True | fe80::a00:27ff:fe2a:c029/64 |       .       |  link  | 08:00:27:2a:c0:29 |
[   15.496119] cloud-init[751]: ci-info: |   lo   | True |          127.0.0.1          |   255.0.0.0   |  host  |         .         |
[   15.497536] cloud-init[751]: ci-info: |   lo   | True |           ::1/128           |       .       |  host  |         .         |
[   15.498911] cloud-init[751]: ci-info: +--------+------+-----------------------------+---------------+--------+-------------------+
[   15.500441] cloud-init[751]: ci-info: ++++++++++++++++++++++++++++Route IPv4 info+++++++++++++++++++++++++++++
[   15.501725] cloud-init[751]: ci-info: +-------+-------------+----------+-----------------+-----------+-------+
[   15.503059] cloud-init[751]: ci-info: | Route | Destination | Gateway  |     Genmask     | Interface | Flags |
[   15.504369] cloud-init[751]: ci-info: +-------+-------------+----------+-----------------+-----------+-------+
[   15.505652] cloud-init[751]: ci-info: |   0   |   0.0.0.0   | 10.0.2.2 |     0.0.0.0     |   enp0s3  |   UG  |
[   15.507098] cloud-init[751]: ci-info: |   1   |   10.0.2.0  | 0.0.0.0  |  255.255.255.0  |   enp0s3  |   U   |
[   15.508311] cloud-init[751]: ci-info: |   2   |   10.0.2.2  | 0.0.0.0  | 255.255.255.255 |   enp0s3  |   UH  |
[   15.509603] cloud-init[751]: ci-info: |   3   | 10.41.100.0 | 0.0.0.0  |  255.255.255.0  |   enp0s8  |   U   |
[   15.510890] cloud-init[751]: ci-info: +-------+-------------+----------+-----------------+-----------+-------+
[   15.512188] cloud-init[751]: ci-info: +++++++++++++++++++Route IPv6 info+++++++++++++++++++
[   15.513270] cloud-init[751]: ci-info: +-------+-------------+---------+-----------+-------+
[   15.514351] cloud-init[751]: ci-info: | Route | Destination | Gateway | Interface | Flags |
[   15.515426] cloud-init[751]: ci-info: +-------+-------------+---------+-----------+-------+
[   15.516609] cloud-init[751]: ci-info: |   1   |  fe80::/64  |    ::   |   enp0s8  |   U   |
[   15.517684] cloud-init[751]: ci-info: |   2   |  fe80::/64  |    ::   |   enp0s3  |   U   |
[   15.518754] cloud-init[751]: ci-info: |   4   |    local    |    ::   |   enp0s3  |   U   |
[   15.519825] cloud-init[751]: ci-info: |   5   |    local    |    ::   |   enp0s8  |   U   |
[   15.520909] cloud-init[751]: ci-info: |   6   |   ff00::/8  |    ::   |   enp0s8  |   U   |
[   15.532119] cloud-init[751]: ci-info: |   7   |   ff00::/8  |    ::   |   enp0s3  |   U   |
[   15.533413] cloud-init[751]: ci-info: +-------+-------------+---------+-----------+-------+
[[0;32m  OK  [0m] Started Initial cloud-init job (metadata service crawler).
[[0;32m  OK  [0m] Reached target Network is Online.
[[0;32m  OK  [0m] Reached target Remote File Systems (Pre).
[[0;32m  OK  [0m] Reached target Remote File Systems.
         Starting Availability of block devices...
[[0;32m  OK  [0m] Reached target Cloud-config availability.
[[0;32m  OK  [0m] Reached target System Initialization.
         Starting Socket activation for snappy daemon.
[[0;32m  OK  [0m] Started Daily apt download activities.
         Starting LXD - unix socket.
[[0;32m  OK  [0m] Started Clean PHP session files every 30 mins.
[[0;32m  OK  [0m] Started Daily Cleanup of Temporary Directories.
[[0;32m  OK  [0m] Listening on gunicorn socket.
[[0;32m  OK  [0m] Listening on D-Bus System Message Bus Socket.
[[0;32m  OK  [0m] Listening on UUID daemon activation socket.
[[0;32m  OK  [0m] Started Message of the Day.
[[0;32m  OK  [0m] Listening on Open-iSCSI iscsid Socket.
[[0;32m  OK  [0m] Started Discard unused blocks once a week.
[[0;32m  OK  [0m] Started Daily apt upgrade and clean activities.
[[0;32m  OK  [0m] Reached target Timers.
[[0;32m  OK  [0m] Started ACPI Events Check.
[[0;32m  OK  [0m] Reached target Paths.
[[0;32m  OK  [0m] Listening on ACPID Listen Socket.
[[0;32m  OK  [0m] Started Availability of block devices.
[[0;32m  OK  [0m] Listening on Socket activation for snappy daemon.
[[0;32m  OK  [0m] Listening on LXD - unix socket.
[[0;32m  OK  [0m] Reached target Sockets.
[[0;32m  OK  [0m] Reached target Basic System.
         Starting OpenBSD Secure Shell server...
         Starting Accounts Service...
         Starting Login Service...
         Starting A high performance web server and a reverse proxy server...
         Starting Dispatcher daemon for systemd-networkd...
[[0;32m  OK  [0m] Started D-Bus System Message Bus.
[[0;32m  OK  [0m] Started Login Service.
[[0;32m  OK  [0m] Started Unattended Upgrades Shutdown.
         Starting The PHP 7.2 FastCGI Process Manager...
         Starting System Logging Service...
         Starting LXD - container startup/shutdown...
[[0;32m  OK  [0m] Started FUSE filesystem for LXC.
         Starting LSB: Record successful boot for GRUB...
[[0;32m  OK  [0m] Started irqbalance daemon.
         Starting MySQL Community Server...
         Starting LSB: automatic crash report generation...
[[0;32m  OK  [0m] Started Deferred execution scheduler.
[[0;32m  OK  [0m] Started Regular background program processing daemon.
         Starting Virtualbox guest utils...
         Starting Permit User Sessions...
         Starting Snappy daemon...
[[0;32m  OK  [0m] Started System Logging Service.
[[0;32m  OK  [0m] Started Permit User Sessions.
[[0;32m  OK  [0m] Started OpenBSD Secure Shell server.
[[0;32m  OK  [0m] Started A high performance web server and a reverse proxy server.
         Starting Authorization Manager...
         Starting Terminate Plymouth Boot Screen...
         Starting Hold until boot process finishes up...
[[0;32m  OK  [0m] Started Hold until boot process finishes up.
[[0;32m  OK  [0m] Started Serial Getty on ttyS0.
         Starting Set console scheme...
[[0;32m  OK  [0m] Started Terminate Plymouth Boot Screen.
[[0;32m  OK  [0m] Started Authorization Manager.
[[0;32m  OK  [0m] Started Accounts Service.
[[0;32m  OK  [0m] Started Set console scheme.
[[0;32m  OK  [0m] Created slice system-getty.slice.
[[0;32m  OK  [0m] Started Getty on tty1.
[[0;32m  OK  [0m] Reached target Login Prompts.
[[0;32m  OK  [0m] Started LXD - container startup/shutdown.
[[0;32m  OK  [0m] Started LSB: automatic crash report generation.
[[0;32m  OK  [0m] Started LSB: Record successful boot for GRUB.
[[0;32m  OK  [0m] Started Virtualbox guest utils.
[[0;32m  OK  [0m] Started Dispatcher daemon for systemd-networkd.
[[0;32m  OK  [0m] Started The PHP 7.2 FastCGI Process Manager.
[[0;32m  OK  [0m] Started Snappy daemon.
         Starting Wait until snapd is fully seeded...
[[0;32m  OK  [0m] Started Wait until snapd is fully seeded.
         Starting Apply the settings specified in cloud-config...
[[0;32m  OK  [0m] Started MySQL Community Server.
[[0;32m  OK  [0m] Reached target Multi-User System.
[[0;32m  OK  [0m] Reached target Graphical Interface.
         Starting Update UTMP about System Runlevel Changes...
[[0;32m  OK  [0m] Started Update UTMP about System Runlevel Changes.
[   17.356544] cloud-init[1329]: Cloud-init v. 19.4-33-gbb4131a2-0ubuntu1~18.04.1 running 'modules:config' at Sat, 02 May 2020 18:50:18 +0000. Up 17.28 seconds.
[[0;32m  OK  [0m] Started Apply the settings specified in cloud-config.
         Starting Execute cloud user/final scripts...
[   17.683554] cloud-init[1404]: Cloud-init v. 19.4-33-gbb4131a2-0ubuntu1~18.04.1 running 'modules:final' at Sat, 02 May 2020 18:50:18 +0000. Up 17.61 seconds.
[   17.684627] cloud-init[1404]: Cloud-init v. 19.4-33-gbb4131a2-0ubuntu1~18.04.1 finished at Sat, 02 May 2020 18:50:18 +0000. Datasource DataSourceNoCloud [seed=/dev/sdb][dsmode=net].  Up 17.67 seconds
[[0;32m  OK  [0m] Started Execute cloud user/final scripts.
[[0;32m  OK  [0m] Reached target Cloud-init target.

Ubuntu 18.04.4 LTS ubuntu-bionic ttyS0

ubuntu-bionic login:          Stopping gunicorn daemon...
[[0;32m  OK  [0m] Stopped target Cloud-init target.
[[0;32m  OK  [0m] Stopped Execute cloud user/final scripts.
[[0;32m  OK  [0m] Stopped target Graphical Interface.
[[0;32m  OK  [0m] Stopped Apply the settings specified in cloud-config.
[[0;32m  OK  [0m] Closed Load/Save RF Kill Switch Status /dev/rfkill Watch.
         Stopping Session 18 of user vagrant.
[[0;32m  OK  [0m] Stopped target Host and Network Name Lookups.
[[0;32m  OK  [0m] Stopped target Network is Online.
[[0;32m  OK  [0m] Stopped target Cloud-config availability.
         Stopping Authorization Manager...
         Stopping Availability of block devices...
[[0;32m  OK  [0m] Stopped target Timers.
[[0;32m  OK  [0m] Stopped Discard unused blocks once a week.
[[0;32m  OK  [0m] Stopped Clean PHP session files every 30 mins.
[[0;32m  OK  [0m] Stopped Daily Cleanup of Temporary Directories.
         Stopping User Manager for UID 1000...
[[0;32m  OK  [0m] Stopped Message of the Day.
         Stopping Accounts Service...
[[0;32m  OK  [0m] Stopped Daily apt upgrade and clean activities.
[[0;32m  OK  [0m] Stopped Daily apt download activities.
[[0;32m  OK  [0m] Stopped target System Time Synchronized.
[[0;32m  OK  [0m] Stopped target Multi-User System.
         Stopping Dispatcher daemon for systemd-networkd...
[[0;32m  OK  [0m] Stopped Wait until snapd is fully seeded.
         Stopping A high performance web server and a reverse proxy server...
         Stopping MySQL Community Server...
         Stopping D-Bus System Message Bus...
         Stopping LSB: automatic crash report generation...
         Stopping System Logging Service...
         Stopping LXD - container startup/shutdown...
         Stopping irqbalance daemon...
         Stopping The PHP 7.2 FastCGI Process Manager...
         Stopping FUSE filesystem for LXC...
         Stopping OpenBSD Secure Shell server...
         Stopping Regular background program processing daemon...
         Stopping LSB: Record successful boot for GRUB...
         Stopping Virtualbox guest utils...
         Stopping Deferred execution scheduler...
[[0;32m  OK  [0m] Stopped target Login Prompts.
         Stopping Getty on tty1...
         Stopping Serial Getty on ttyS0...
         Stopping Unattended Upgrades Shutdown...
[[0;32m  OK  [0m] Unmounted /var/lib/lxcfs.
[[0;32m  OK  [0m] Stopped Accounts Service.
[[0;32m  OK  [0m] Stopped Dispatcher daemon for systemd-networkd.
[[0;32m  OK  [0m] Stopped System Logging Service.
[[0;32m  OK  [0m] Stopped irqbalance daemon.
[[0;32m  OK  [0m] Stopped Deferred execution scheduler.
[[0;32m  OK  [0m] Stopped Regular background program processing daemon.
[[0;32m  OK  [0m] Stopped OpenBSD Secure Shell server.
[[0;32m  OK  [0m] Stopped Authorization Manager.
[[0;32m  OK  [0m] Stopped Serial Getty on ttyS0.
[[0;32m  OK  [0m] Stopped Getty on tty1.
[[0;32m  OK  [0m] Stopped User Manager for UID 1000.
[[0;32m  OK  [0m] Stopped D-Bus System Message Bus.
[[0;32m  OK  [0m] Stopped Unattended Upgrades Shutdown.
[[0;32m  OK  [0m] Stopped The PHP 7.2 FastCGI Process Manager.
[[0;32m  OK  [0m] Stopped Availability of block devices.
[[0;32m  OK  [0m] Stopped FUSE filesystem for LXC.
[[0;32m  OK  [0m] Stopped Session 18 of user vagrant.
[[0;32m  OK  [0m] Removed slice User Slice of vagrant.
         Stopping Login Service...
[[0;32m  OK  [0m] Removed slice system-getty.slice.
[[0;32m  OK  [0m] Removed slice system-serial\x2dgetty.slice.
         Stopping Permit User Sessions...
[[0;32m  OK  [0m] Stopped LSB: automatic crash report generation.
[[0;32m  OK  [0m] Stopped LXD - container startup/shutdown.
[[0;32m  OK  [0m] Stopped LSB: Record successful boot for GRUB.
[[0;32m  OK  [0m] Stopped Virtualbox guest utils.
[[0;32m  OK  [0m] Stopped Permit User Sessions.
[[0;32m  OK  [0m] Stopped target Remote File Systems.
[[0;32m  OK  [0m] Stopped target Remote File Systems (Pre).
[[0;32m  OK  [0m] Stopped gunicorn daemon.
         Unmounting /home/vagrant/vibe...
[[0;32m  OK  [0m] Stopped Login Service.
[[0;32m  OK  [0m] Unmounted /home/vagrant/vibe.
[[0;32m  OK  [0m] Stopped target User and Group Name Lookups.
[[0;32m  OK  [0m] Stopped MySQL Community Server.
[[0;32m  OK  [0m] Stopped A high performance web server and a reverse proxy server.
[[0;32m  OK  [0m] Stopped target Basic System.
[[0;32m  OK  [0m] Stopped target Slices.
[[0;32m  OK  [0m] Removed slice User and Session Slice.
[[0;32m  OK  [0m] Stopped target Sockets.
[[0;32m  OK  [0m] Closed UUID daemon activation socket.
[[0;32m  OK  [0m] Closed LXD - unix socket.
[[0;32m  OK  [0m] Closed Syslog Socket.
[[0;32m  OK  [0m] Closed gunicorn socket.
[[0;32m  OK  [0m] Closed Open-iSCSI iscsid Socket.
[[0;32m  OK  [0m] Closed ACPID Listen Socket.
[[0;32m  OK  [0m] Closed Socket activation for snappy daemon.
[[0;32m  OK  [0m] Closed D-Bus System Message Bus Socket.
[[0;32m  OK  [0m] Stopped target Paths.
[[0;32m  OK  [0m] Stopped ACPI Events Check.
[[0;32m  OK  [0m] Stopped target Network.
         Stopping Network Name Resolution...
[[0;32m  OK  [0m] Stopped target System Initialization.
         Stopping Load/Save Random Seed...
         Stopping Update UTMP about System Boot/Shutdown...
[[0;32m  OK  [0m] Stopped Initial cloud-init job (metadata service crawler).
[[0;32m  OK  [0m] Stopped target Local Encrypted Volumes.
[[0;32m  OK  [0m] Stopped Dispatch Password Requests to Console Directory Watch.
[[0;32m  OK  [0m] Stopped Forward Password Requests to Wall Directory Watch.
[[0;32m  OK  [0m] Stopped Network Name Resolution.
[[0;32m  OK  [0m] Stopped Load/Save Random Seed.
         Stopping Network Service...
[[0;32m  OK  [0m] Stopped Update UTMP about System Boot/Shutdown.
[[0;32m  OK  [0m] Stopped Create Volatile Files and Directories.
[[0;32m  OK  [0m] Stopped target Local File Systems.
         Unmounting /run/user/1000...
         Unmounting /vagrant...
[[0;32m  OK  [0m] Unmounted /run/user/1000.
[[0;32m  OK  [0m] Unmounted /vagrant.
[[0;32m  OK  [0m] Reached target Unmount All Filesystems.
[[0;32m  OK  [0m] Stopped target Local File Systems (Pre).
         Stopping Monitoring of LVM2 mirrors…ng dmeventd or progress polling...
[[0;32m  OK  [0m] Stopped Create Static Device Nodes in /dev.
[[0;32m  OK  [0m] Stopped target Swap.
[[0;32m  OK  [0m] Stopped Network Service.
[[0;32m  OK  [0m] Stopped target Network (Pre).
[[0;32m  OK  [0m] Stopped Initial cloud-init job (pre-networking).
[[0;32m  OK  [0m] Stopped Remount Root and Kernel File Systems.
[[0;32m  OK  [0m] Stopped Apply Kernel Variables.
[[0;32m  OK  [0m] Stopped Load Kernel Modules.
[[0;32m  OK  [0m] Reached target Shutdown.
[[0;32m  OK  [0m] Reached target Final Step.
         Starting Power-Off...
[[0;32m  OK  [0m] Stopped Monitoring of LVM2 mirrors,…sing dmeventd or progress polling.
         Stopping LVM2 metadata daemon...
[[0;32m  OK  [0m] Stopped LVM2 metadata daemon.
[15883.217927] reboot: Power down
